Downloading image 1 of 3

title: Colorful Parrot Bird, HD Birds, 4k Wallpapers, Images, Backgrounds, Photos and Pictures
image: http://hdqwalls.com/download/1/colorful-parrot-bird.jpg
thumbnail: https://tse4.mm.bing.net/th?id=OIP.qLc7CKA1SnBvANPyTe5zeAHaEK&pid=Api
url: http://hdqwalls.com/colorful-parrot-bird-wallpaper
height: 2160
width: 3840
source: Bing
Downloaded image to duckduckgo_image_downloads/bird/bird_0
Downloading image 2 of 3

title: 15 Amazing & Beautiful Bird Photos
image: http://www.voidphase.com/media/2010/12/bird_gouldian_finch_1920.jpg
thumbnail: https://tse4.mm.bing.net/th?id=OIP._oUvGnT7EaoC5XHrS7VbkwHaEK&pid=Api
url: http://www.webmastergrade.com/15-amazing-beautiful-bird-photos/
height: 1080
width: 1920
source: Bing
Downloaded image to duckduckgo_image_downloads/bird/bird_1
Downloading image 3 of 3

title: Bird Flapping Wings, HD Birds, 4k Wallpapers, Images, Backgrounds, Photos and Pictures
image: http://hdqwalls.com/wallpapers/bird-flapping-wings.jpg
thumbnail: https://tse4.mm.bing.net/th?id=OIP.lnjSLbiRPuAjFp0M2qfIHAHaE7&pid=Api
url: http://hdqwalls.com/bird-flapping-wings-wallpaper
height: 2832
width: 4256
source: Bing
