Downloading image 1 of 2

title: Beautiful Landscape with Mountains and Lakes with sky in Italy image - Free stock photo - Public ...
image: https://www.goodfreephotos.com/albums/italy/other-italy/beautiful-landscape-with-mountains-and-lakes-with-sky-in-italy.jpg
thumbnail: https://tse1.mm.bing.net/th?id=OIP._ajHHTmB2OCkdyQi51_qvgHaEn&pid=Api
url: https://www.goodfreephotos.com/italy/other-italy/beautiful-landscape-with-mountains-and-lakes-with-sky-in-italy.jpg.php
height: 2489
width: 3986
source: Bing
Downloaded image to duckduckgo_image_downloads/landscape photos/landscape photos_0.jpg
Downloading image 2 of 2

title: Landscape Wallpapers - Top Free Landscape Backgrounds - WallpaperAccess
image: https://wallpaperaccess.com/full/90977.jpg
thumbnail: https://tse2.mm.bing.net/th?id=OIP.NR9MV7uAIX9B1f16mQVe7wHaEG&pid=Api
url: https://wallpaperaccess.com/landscape
height: 3087
width: 5576
source: Bing
Downloaded image to duckduckgo_image_downloads/landscape photos/landscape photos_1.jpg
Images downloaded successfully to duckduckgo_images/landscape photos
Downloading image 1 of 2

title: Free Images : landscape, tree, water, nature, wilderness, cloud, hiking, meadow, lake, valley ...
image: https://get.pxhere.com/photo/landscape-tree-water-nature-wilderness-mountain-cloud-hiking-meadow-lake-valley-mountain-range-reflection-autumn-park-italy-alpine-fjord-national-park-mountains-alps-plateau-loch-dolomites-landform-tarn-mountainous-landforms-computer-wallpaper-1382394.jpg
thumbnail: https://tse4.mm.bing.net/th?id=OIP.ErAiMih0ltX9nxzgEbfN0gHaEp&pid=Api
url: https://pxhere.com/en/photo/1382394
height: 2108
width: 3360
source: Bing
Failed to download image 1 of 2

Error: The read operation timed out
Downloading image 2 of 2

title: Wallpaper : landscape, sunset, hill, nature, sunrise, evening, morning, wilderness, dusk, New ...
image: https://get.wallhere.com/photo/landscape-sunset-hill-nature-sunrise-evening-morning-wilderness-dusk-New-Zealand-plateau-cloud-autumn-mountain-flower-dawn-grassland-meadow-wildflower-prairie-3840x2160-px-mountainous-landforms-geographical-feature-mountain-range-556254.jpg
thumbnail: https://tse1.mm.bing.net/th?id=OIP.yLf7kQVaLpxqCZX1VRHw-wHaEK&pid=Api
url: https://wallhere.com/en/wallpaper/556254
height: 2160
width: 3840
source: Bing
Downloaded image to duckduckgo_image_downloads/nature photos/nature photos_1.jpg
Images downloaded successfully to duckduckgo_images/nature photos
Downloading image 1 of 2

title: Lavigne Photography: Real People are Beautiful Portraits # 6
image: https://2.bp.blogspot.com/-0Ic0_FlgYNY/TtTdgUO2c4I/AAAAAAAABXw/xS1cHgDENEA/s1600/Lavigne_2011-6459.jpg
thumbnail: https://tse1.mm.bing.net/th?id=OIP.aGeP-oMctNIaRQn6AjwzWAHaLG&pid=Api
url: https://lavignephotography.blogspot.com/2011/11/real-people-are-beautiful-portraits-7.html
height: 1600
width: 1067
source: Bing
Downloaded image to duckduckgo_image_downloads/real portrait people photos/real portrait people photos_0.jpg
Downloading image 2 of 2

title: Portrait Images The 63 Most Stunning Portraits From 2019! | Face photography, Portrait ...
image: https://i.pinimg.com/originals/01/9e/8d/019e8d6ead230e18f89ce5b96d0388df.jpg
thumbnail: https://tse1.mm.bing.net/th?id=OIP.HRxIKAx41QLKBpy_saQ3DQHaLH&pid=Api
url: https://www.pinterest.es/pin/306596687133979321/
height: 1104
width: 736
source: Bing
Downloaded image to duckduckgo_image_downloads/real portrait people photos/real portrait people photos_1.jpg
Images downloaded successfully to duckduckgo_images/real portrait people photos
Downloading image 1 of 2

title: How to understand a human being - Global Heart
image: https://globalheart.nl/wp-content/uploads/2020/08/IMG_20200819_151818.jpg
thumbnail: https://tse1.mm.bing.net/th?id=OIP.frrO55pXIuszKIBSuIxfUAHaEo&pid=Api
url: https://globalheart.nl/lifestyle/how-to-understand-a-human-being/
height: 937
width: 1499
source: Bing
Downloaded image to duckduckgo_image_downloads/human being photos/human being photos_0.jpg
Downloading image 2 of 2

title: What Is a Human Being? | Explore God Article
image: http://www.exploregod.com/sites/default/files/article-images/what-is-a-human-being-article-header.jpg
thumbnail: https://tse4.mm.bing.net/th?id=OIP.StEoH_ZJP0cX-IfqFRXtvgHaEN&pid=Api
url: https://www.exploregod.com/articles/what-is-a-human-being
height: 2354
width: 4143
source: Bing
Downloaded image to duckduckgo_image_downloads/human being photos/human being photos_1.jpg
Images downloaded successfully to duckduckgo_images/human being photos
Downloading image 1 of 2

title: 1000+ Beautiful Architecture Photos · Pexels · Free Stock Photos
image: https://images.pexels.com/photos/417273/pexels-photo-417273.jpeg?cs=srgb&dl=light-sky-blue-417273.jpg&fm=jpg
thumbnail: https://tse3.mm.bing.net/th?id=OIP.GPOt1gKEVdVbXePxiQGNwwHaE8&pid=Api
url: https://www.pexels.com/search/architecture/
height: 3456
width: 5184
source: Bing
Downloaded image to duckduckgo_image_downloads/architecture photos/architecture photos_0.jpg&fm=jpg
Downloading image 2 of 2

title: Zaha Hadid Modern Architecture Photos | Architectural Digest
image: https://media.architecturaldigest.com/photos/56ba787ca254b168296a8fff/master/pass/zaha-hadid-architecture-01.jpg
thumbnail: https://tse4.mm.bing.net/th?id=OIP.uXpNX18QmdeZ74hwCjpoZwHaE7&pid=Api
url: http://www.architecturaldigest.com/gallery/zaha-hadid-greatest-works-slideshow/all
height: 3461
width: 5200
source: Bing
Downloaded image to duckduckgo_image_downloads/architecture photos/architecture photos_1.jpg
Images downloaded successfully to duckduckgo_images/architecture photos
Downloading image 1 of 2

title: Cityscape · Free Stock Photo
image: https://images.pexels.com/photos/3346227/pexels-photo-3346227.jpeg?cs=srgb&dl=cityscape-3346227.jpg&fm=jpg
thumbnail: https://tse2.mm.bing.net/th?id=OIP.U1mSC6rULR0cGzNJqeXVugHaEK&pid=Api
url: https://www.pexels.com/photo/cityscape-3346227/
height: 3938
width: 7000
source: Bing
Downloaded image to duckduckgo_image_downloads/cityscape photos/cityscape photos_0.jpg&fm=jpg
Downloading image 2 of 2

title: Russia Moscow Cityscape 4k, HD World, 4k Wallpapers, Images, Backgrounds, Photos and Pictures
image: https://hdqwalls.com/wallpapers/russia-moscow-cityscape-4k-rl.jpg
thumbnail: https://tse2.mm.bing.net/th?id=OIP.x2tWjfKwbaHWsdJElMR3JAHaEK&pid=Api
url: https://hdqwalls.com/russia-moscow-cityscape-4k-wallpaper
height: 2160
width: 3840
source: Bing
Downloaded image to duckduckgo_image_downloads/cityscape photos/cityscape photos_1.jpg
Images downloaded successfully to duckduckgo_images/cityscape photos
Downloading image 1 of 2

title: 50 Best Wildlife Photography To Get Inspire - The WoW Style
image: http://thewowstyle.com/wp-content/uploads/2015/01/animals-amazing-animal-stories-wildlife-photography-by-rudi-hulshof19.jpg
thumbnail: https://tse2.mm.bing.net/th?id=OIP.nZdSqH47L_oKkZSPholNHAHaE7&pid=Api
url: http://thewowstyle.com/50-best-wildlife-photography-to-get-inspire/
height: 960
width: 1444
source: Bing
Downloaded image to duckduckgo_image_downloads/wildlife photos/wildlife photos_0.jpg
Downloading image 2 of 2

title: 20 Amazing Wildlife Photos in Yellowstone National Park | Birds and Blooms
image: https://www.birdsandblooms.com/wp-content/uploads/2020/08/COUonpc16_Brent-Young_001.jpg
thumbnail: https://tse4.mm.bing.net/th?id=OIP.Zx0i-JelIUJQPf1SMV1b_AHaFj&pid=Api
url: https://www.birdsandblooms.com/travel/gardens-and-parks/yellowstone-wildlife-photos/
height: 1800
width: 2400
source: Bing
Downloaded image to duckduckgo_image_downloads/wildlife photos/wildlife photos_1.jpg
Images downloaded successfully to duckduckgo_images/wildlife photos
Downloading image 1 of 2

title: 25 Examples of Powerful Documentary Photography
image: https://speckyboy.com/wp-content/uploads/2012/05/IDPV16a.jpg
thumbnail: https://tse3.mm.bing.net/th?id=OIP.SeJgGe6pBpjlQDYC5qPFBQHaFZ&pid=Api
url: https://speckyboy.com/inspiring-powerful-documentary-photography/
height: 467
width: 640
source: Bing
Downloaded image to duckduckgo_image_downloads/documentary photos/documentary photos_0.jpg
Downloading image 2 of 2

title: 30 Engaging Documentary Photos | Art and Design
image: https://www.cuded.com/wp-content/uploads/2010/10/20101018_37008.jpg
thumbnail: https://tse2.mm.bing.net/th?id=OIP.uk-yvPVaEQRIJgHrLgZJyQHaE5&pid=Api
url: https://www.cuded.com/30-engaging-documentary-photos/
height: 621
width: 939
source: Bing
Downloaded image to duckduckgo_image_downloads/documentary photos/documentary photos_1.jpg
Images downloaded successfully to duckduckgo_images/documentary photos
Downloading image 1 of 2

title: 30 Engaging Documentary Photos | Art and Design
image: https://www.cuded.com/wp-content/uploads/2010/10/20101018_37008.jpg
thumbnail: https://tse2.mm.bing.net/th?id=OIP.uk-yvPVaEQRIJgHrLgZJyQHaE5&pid=Api
url: https://www.cuded.com/30-engaging-documentary-photos/
height: 621
width: 939
source: Bing
Downloaded image to duckduckgo_image_downloads/documentary journalism photos/documentary journalism photos_0.jpg
Downloading image 2 of 2

title: Here Are Six Tips for Reporters Covering Press Conferences
image: https://www.thoughtco.com/thmb/hlC6BKu415KUZsHyHhuO-bJQYa8=/5616x3744/filters:fill(auto,1)/close-up-of-photographers-and-journalist-at-press-conference-918723520-5c70b40146e0fb00017189ee.jpg
thumbnail: https://tse2.mm.bing.net/th?id=OIP.D5kWRhqX1I29qzrPUsMYTQHaE8&pid=Api
url: https://www.thoughtco.com/covering-press-conferences-2073875
height: 3744
width: 5616
source: Bing
Downloaded image to duckduckgo_image_downloads/documentary journalism photos/documentary journalism photos_1.jpg
Images downloaded successfully to duckduckgo_images/documentary journalism photos
Downloading image 1 of 2

title: anime, Anime Girls, Hatsune Miku, Vocaloid Wallpapers HD / Desktop and Mobile Backgrounds
image: https://wallup.net/wp-content/uploads/2016/05/14/34019-anime-anime_girls-Hatsune_Miku-Vocaloid.jpg
thumbnail: https://tse4.mm.bing.net/th?id=OIP.iXtmMYq97upuJjB5oF0bhAHaFH&pid=Api
url: https://wallup.net/anime-anime-girls-hatsune-miku-vocaloid-9/
height: 2052
width: 2974
source: Bing
Downloaded image to duckduckgo_image_downloads/anime images/anime images_0.jpg
Downloading image 2 of 2

title: Cute Anime Girl Wallpapers - Wallpaper Cave
image: https://wallpapercave.com/wp/wp5128021.jpg
thumbnail: https://tse2.mm.bing.net/th?id=OIP.qjrr9_C-cl0VIMW2bJ3anwHaJ4&pid=Api
url: https://wallpapercave.com/cute-anime-girl-wallpapers
height: 2048
width: 1536
source: Bing
Downloaded image to duckduckgo_image_downloads/anime images/anime images_1.jpg
Images downloaded successfully to duckduckgo_images/anime images
Downloading image 1 of 2

title: 1000+ Amazing Abstract Painting Photos · Pexels · Free Stock Photos
image: https://images.pexels.com/photos/1183992/pexels-photo-1183992.jpeg?cs=srgb&dl=art-painting-abstract-1183992.jpg&fm=jpg
thumbnail: https://tse4.mm.bing.net/th?id=OIP.KN6BVBFWSB3_dwQDFyF8DAHaE8&pid=Api
url: https://www.pexels.com/search/abstract painting/
height: 2851
width: 4276
source: Bing
Downloaded image to duckduckgo_image_downloads/abstract art/abstract art_0.jpg&fm=jpg
Downloading image 2 of 2

title: Painting . Abstract canvas . Large Abstract ART . Original abstract painting by Alex Senchenko ...
image: https://i.etsystatic.com/7424399/r/il/dd5cbc/1226944080/il_fullxfull.1226944080_2m3s.jpg
thumbnail: https://tse3.mm.bing.net/th?id=OIP.wXnwBd8oARoYzKrzu06MKwHaE7&pid=Api
url: https://www.alexsenchenko.com/listing/538963263/painting-abstract-canvas-large-abstract
height: 1851
width: 2777
source: Bing
Downloaded image to duckduckgo_image_downloads/abstract art/abstract art_1.jpg
Images downloaded successfully to duckduckgo_images/abstract art
Downloading image 1 of 2

title: 10 Stunning Surreal Photography Examples You Have to Check Out! | Widewalls
image: https://d16kd6gzalkogb.cloudfront.net/magazine_images/Lara-Zankoul-The-Unseen-2013-cover.jpg
thumbnail: https://tse1.mm.bing.net/th?id=OIP.WEh0x6GaMzepIKjHofVCaQHaE8&pid=Api
url: https://www.widewalls.ch/magazine/10-surreal-photography-examples
height: 800
width: 1200
source: Bing
Downloaded image to duckduckgo_image_downloads/surreal artistic compositions/surreal artistic compositions_0.jpg
Downloading image 2 of 2

title: Shawn Marie Hardy / Collage-a-Dada Surreal, Dreamscapes and Cosmic Art, "Singing the Body ...
image: https://i.pinimg.com/originals/9d/9b/e6/9d9be6b9f9f180c4b0eb914b9b4e623d.jpg
thumbnail: https://tse3.mm.bing.net/th?id=OIP.k7_IG4b42kxW4QV9dQ8ITgHaJG&pid=Api
url: https://www.pinterest.de/pin/171629435784564690/
height: 3504
width: 2851
source: Bing
Downloaded image to duckduckgo_image_downloads/surreal artistic compositions/surreal artistic compositions_1.jpg
Images downloaded successfully to duckduckgo_images/surreal artistic compositions
Downloading image 1 of 2

title: Beautiful Illustration Portraits by Digital Artist Denis
image: https://www.downgraf.com/wp-content/uploads/2018/07/Beautiful-Illustration-Portraits-8.jpg
thumbnail: https://tse3.mm.bing.net/th?id=OIP.8CLE4YYNHLfu3cB8fKkI4gHaKe&pid=Api
url: https://www.downgraf.com/inspiration/beautiful-illustration-portraits/
height: 1131
width: 800
source: Bing
Downloaded image to duckduckgo_image_downloads/illustrations/illustrations_0.jpg
Downloading image 2 of 2

title: Amazing Illustration Art for Inspiration by Charlie Davis - iDevie
image: https://cdn.idevie.com/wp-content/uploads/2020/05/illustrations_7.jpg
thumbnail: https://tse4.mm.bing.net/th?id=OIP.b6is4-TkZ-GXni8_oJyOmgHaKd&pid=Api
url: https://idevie.com/resources/amazing-illustration-art-for-inspiration-by-charlie-davis
height: 848
width: 600
source: Bing
Downloaded image to duckduckgo_image_downloads/illustrations/illustrations_1.jpg
Images downloaded successfully to duckduckgo_images/illustrations
Downloading image 1 of 2

title: 10 Stunning Surreal Photography Examples You Have to Check Out! | Widewalls
image: https://d16kd6gzalkogb.cloudfront.net/magazine_images/Lara-Zankoul-The-Unseen-2013-cover.jpg
thumbnail: https://tse1.mm.bing.net/th?id=OIP.WEh0x6GaMzepIKjHofVCaQHaE8&pid=Api
url: https://www.widewalls.ch/magazine/10-surreal-photography-examples
height: 800
width: 1200
source: Bing
Downloaded image to duckduckgo_image_downloads/surreal experimental designs/surreal experimental designs_0.jpg
Downloading image 2 of 2

title: 32 Modern Surreal Artworks from Pop Surreal - Famous Surrealism Art
image: https://doitbeforeme.com/wp-content/uploads/2020/03/Modern-pop-surrealism-art-1024x1024.jpg
thumbnail: https://tse2.mm.bing.net/th?id=OIP.iSGeAeiDTXz7I5EGp7Y1yAHaHa&pid=Api
url: https://doitbeforeme.com/surreal-art/
height: 1024
width: 1024
source: Bing
Downloaded image to duckduckgo_image_downloads/surreal experimental designs/surreal experimental designs_1.jpg
Images downloaded successfully to duckduckgo_images/surreal experimental designs
Downloading image 1 of 2

title: 30 Magnificent Free HD Fantasy Art Wallpaper for Your Desktop - PSD Vault
image: https://d3idt3y1vhsqn9.cloudfront.net/wp-content/uploads/2014/06/058-yrbXi8D.jpg
thumbnail: https://tse3.mm.bing.net/th?id=OIP.KLkLwzkIQaSKUUD4CephKwHaEo&pid=Api
url: https://www.psdvault.com/wallpaper/30-fantasy-hd-wallpaper/
height: 1600
width: 2560
source: Bing
Downloaded image to duckduckgo_image_downloads/fantasy images/fantasy images_0.jpg
Downloading image 2 of 2

title: Fantasy HD Wallpapers, Pictures, Images
image: https://www.hdwallpaper.nu/wp-content/uploads/2017/01/fantasy-16.jpg
thumbnail: https://tse2.mm.bing.net/th?id=OIP.oxj5dassbRUfRf1ILBIcHQHaE8&pid=Api
url: https://www.hdwallpaper.nu/fantasy-hd-wallpapers/
height: 2000
width: 2992
source: Bing
Downloaded image to duckduckgo_image_downloads/fantasy images/fantasy images_1.jpg
Images downloaded successfully to duckduckgo_images/fantasy images
Downloading image 1 of 2

title: Science Fiction Cityscape Futuristic City Digital Art 4k Wallpaper,HD Artist Wallpapers,4k ...
image: https://images.hdqwalls.com/wallpapers/science-fiction-cityscape-futuristic-city-digital-art-4k-xd.jpg
thumbnail: https://tse4.mm.bing.net/th?id=OIP.PNoUJxELy4ns54mbyN1hvgHaEK&pid=Api
url: https://hdqwalls.com/science-fiction-cityscape-futuristic-city-digital-art-4k-wallpaper
height: 2160
width: 3840
source: Bing
Downloaded image to duckduckgo_image_downloads/futuristic digital sci-fi images/futuristic digital sci-fi images_0.jpg
Downloading image 2 of 2

title: Futuristic City Science Fiction Concept Art Digital Art, HD Artist, 4k Wallpapers, Images ...
image: https://images.hdqwalls.com/wallpapers/futuristic-city-science-fiction-concept-art-digital-art-xr.jpg
thumbnail: https://tse3.mm.bing.net/th?id=OIP.lM6k_ncJdmNG-DSRcBiiTwAAAA&pid=Api
url: https://hdqwalls.com/wallpaper/1440x1080/futuristic-city-science-fiction-concept-art-digital-art
height: 266
width: 474
source: Bing
Downloaded image to duckduckgo_image_downloads/futuristic digital sci-fi images/futuristic digital sci-fi images_1.jpg
Images downloaded successfully to duckduckgo_images/futuristic digital sci-fi images
Downloading image 1 of 2

title: How to Make Pixel Art in Illustrator for Beginners
image: https://1.bp.blogspot.com/-_RqXWBZ5-9k/YHiyW_G1MPI/AAAAAAAACRI/T2NnZe0MvGoEXuKD2qFpHCcC-gfH5YbIgCLcBGAsYHQ/s1518/Illustrator-Pixel-Art-10.jpeg
thumbnail: https://tse3.explicit.bing.net/th?id=OIP.qR12k4_XrhWpn4QS2tnZwgHaHb&pid=Api
url: https://www.megavoxels.com/2021/04/how-to-make-pixel-art-in-illustrator.html
height: 1518
width: 1514
source: Bing
Downloaded image to duckduckgo_image_downloads/pixel art images/pixel art images_0.jpeg
Downloading image 2 of 2

title: Pixel Art 1 :: Behance
image: https://mir-s3-cdn-cf.behance.net/project_modules/max_1200/0849cc53733019.56091c9a791fe.jpg
thumbnail: https://tse2.mm.bing.net/th?id=OIP.uJO2yqfNTm-FNii1G54b2AHaJ4&pid=Api
url: https://www.behance.net/gallery/6988905/Pixel-Art-1
height: 1020
width: 765
source: Bing
Downloaded image to duckduckgo_image_downloads/pixel art images/pixel art images_1.jpg
Images downloaded successfully to duckduckgo_images/pixel art images
Downloading image 1 of 2

title: Retro Futuristic Background 1980s Digital Art by Kelvin Degree - Pixels Merch
image: https://images.fineartamerica.com/images/artworkimages/mediumlarge/2/retro-futuristic-background-1980s-kelvin-degree.jpg
thumbnail: https://tse2.mm.bing.net/th?id=OIP.8JslYK7v2r1nV3095hpMeAHaHa&pid=Api
url: https://pixelsmerch.com/featured/retro-futuristic-background-1980s-kelvin-degree.html
height: 900
width: 900
source: Bing
Downloaded image to duckduckgo_image_downloads/digital retro images/digital retro images_0.jpg
Downloading image 2 of 2

title: 3292x1876 / retro, artist, artwork, digital art, hd, 4k - Coolwallpapers.me!
image: https://coolwallpapers.me/picsup/5838874-retro-artist-artwork-digital-art-hd-4k.jpg
thumbnail: https://tse3.mm.bing.net/th?id=OIP.dNsaZezxwcTWPMfW-kUPYQHaEO&pid=Api
url: https://coolwallpapers.me/5838874-retro-artist-artwork-digital-art-hd-4k.html
height: 1876
width: 3292
source: Bing
Failed to download image 2 of 2

Error: <urlopen error [Errno -5] No address associated with hostname>
Images downloaded successfully to duckduckgo_images/digital retro images
