Downloading image 1 of 3

title: 15 Amazing & Beautiful Bird Photos
image: http://www.voidphase.com/media/2010/12/bird_gouldian_finch_1920.jpg
thumbnail: https://tse4.mm.bing.net/th?id=OIP._oUvGnT7EaoC5XHrS7VbkwHaEK&pid=Api
url: http://www.webmastergrade.com/15-amazing-beautiful-bird-photos/
height: 1080
width: 1920
source: Bing
Downloaded image to duckduckgo_image_downloads/bird/bird_0
Downloading image 2 of 3

title: File:Bird in flight wings spread.jpg - Wikimedia Commons
image: http://upload.wikimedia.org/wikipedia/commons/9/9d/Bird_in_flight_wings_spread.jpg
thumbnail: https://tse2.mm.bing.net/th?id=OIP.BTc4zTqvmapDSjahv3JixgHaE8&pid=Api
url: http://commons.wikipedia.org/wiki/file:bird_in_flight_wings_spread.jpg
height: 3744
width: 5616
source: Bing
Downloaded image to duckduckgo_image_downloads/bird/bird_1
Downloading image 3 of 3

title: toucan, Parrot, Bird, Tropical, 66 Wallpapers HD / Desktop and Mobile Backgrounds
image: https://wallup.net/wp-content/uploads/2019/09/363515-toucan-parrot-bird-tropical-66.jpg
thumbnail: https://tse3.mm.bing.net/th?id=OIP.3qDlwMBkM-wHf2xA7xvHnQHaEo&pid=Api
url: https://wallup.net/toucan-parrot-bird-tropical-66/
height: 1200
width: 1920
source: Bing
Downloaded image to duckduckgo_image_downloads/bird/bird_2
Images downloaded successfully to duckduckgo_images/bird
