Downloading image 1 of 3

title: Colorful Parrot Bird, HD Birds, 4k Wallpapers, Images, Backgrounds, Photos and Pictures
image: http://hdqwalls.com/download/1/colorful-parrot-bird.jpg
thumbnail: https://tse4.mm.bing.net/th?id=OIP.qLc7CKA1SnBvANPyTe5zeAHaEK&pid=Api
url: http://hdqwalls.com/colorful-parrot-bird-wallpaper
height: 2160
width: 3840
source: Bing
Downloaded image to duckduckgo_image_downloads/bird/bird_0.jpg
Downloading image 2 of 3

title: Red-crested Cardinal
image: http://blog.hankchristensen.com/wp-content/uploads/2013/12/red-crested-cardinal-093857-Edit.jpg
thumbnail: https://tse3.mm.bing.net/th?id=OIP.3CmbY_L1_Bz9grE8RSlKVQHaE7&pid=Api
url: https://blog.hankchristensen.com/2013/12/red-crested-cardinal/
height: 1333
width: 2000
source: Bing
Downloaded image to duckduckgo_image_downloads/bird/bird_1.jpg
Downloading image 3 of 3

title: meaning - Is a "blue bird" the same as a "bluebird"？ - English Language & Usage Stack Exchange
image: http://i.stack.imgur.com/e3Rua.jpg
thumbnail: https://tse1.mm.bing.net/th?id=OIP.KT07ItM8pSnTV_HiuvaE_AHaHa&pid=Api
url: http://english.stackexchange.com/questions/143177/is-a-blue-bird-the-same-as-a-bluebird
height: 1024
width: 1024
source: Bing
Downloaded image to duckduckgo_image_downloads/bird/bird_2.jpg
Images downloaded successfully to duckduckgo_images/bird
