Downloading image 1 of 3

title: Colorful Parrot Bird, HD Birds, 4k Wallpapers, Images, Backgrounds, Photos and Pictures
image: http://hdqwalls.com/download/1/colorful-parrot-bird.jpg
thumbnail: https://tse4.mm.bing.net/th?id=OIP.qLc7CKA1SnBvANPyTe5zeAHaEK&pid=Api
url: http://hdqwalls.com/colorful-parrot-bird-wallpaper
height: 2160
width: 3840
source: Bing
Downloaded image to duckduckgo_image_downloads/bird/bird_0.jpg
Downloading image 2 of 3

title: 15 Amazing & Beautiful Bird Photos
image: http://www.voidphase.com/media/2010/12/bird_gouldian_finch_1920.jpg
thumbnail: https://tse4.mm.bing.net/th?id=OIP._oUvGnT7EaoC5XHrS7VbkwHaEK&pid=Api
url: http://www.webmastergrade.com/15-amazing-beautiful-bird-photos/
height: 1080
width: 1920
source: Bing
Downloaded image to duckduckgo_image_downloads/bird/bird_1.jpg
Downloading image 3 of 3

title: Bird Flapping Wings, HD Birds, 4k Wallpapers, Images, Backgrounds, Photos and Pictures
image: http://hdqwalls.com/wallpapers/bird-flapping-wings.jpg
thumbnail: https://tse4.mm.bing.net/th?id=OIP.lnjSLbiRPuAjFp0M2qfIHAHaE7&pid=Api
url: http://hdqwalls.com/bird-flapping-wings-wallpaper
height: 2832
width: 4256
source: Bing
Downloaded image to duckduckgo_image_downloads/bird/bird_2.jpg
Images downloaded successfully to duckduckgo_images/bird
Downloading image 1 of 2

title: Lovely Bird Enjoying the Sunny Day Stock Image - Image of fish, door: 95809063
image: https://thumbs.dreamstime.com/b/lovely-bird-enjoying-sunny-day-lovely-bird-enjoying-sunny-day-parc-jean-drapeau-95809063.jpg
thumbnail: https://tse3.mm.bing.net/th?id=OIP.qQZtkTJb-n7PScnkZ3jsQQHaE8&pid=Api
url: https://www.dreamstime.com/stock-photo-lovely-bird-enjoying-sunny-day-lovely-bird-enjoying-sunny-day-parc-jean-drapeau-image95809063
height: 534
width: 800
source: Bing
Downloaded image to duckduckgo_image_downloads/bird photo sunny/bird photo sunny_0.jpg
Downloading image 2 of 2

title: Bird Flying Sunset Evening View Clouds Beautiful Sky 5k, HD Nature, 4k Wallpapers, Images ...
image: https://hdqwalls.com/wallpapers/bird-flying-sunset-evening-view-clouds-beautiful-sky-5k-cl.jpg
thumbnail: https://tse1.mm.bing.net/th?id=OIP.vPhlnaZ7OIYT-fqmPUpVbgHaE8&pid=Api
url: https://hdqwalls.com/bird-flying-sunset-evening-view-clouds-beautiful-sky-5k-wallpaper
height: 2969
width: 4451
source: Bing
Downloaded image to duckduckgo_image_downloads/bird photo sunny/bird photo sunny_1.jpg
Images downloaded successfully to duckduckgo_images/bird photo sunny
Downloading image 1 of 2

title: 17 Cool Birds That Throw Some Serious Shade (Pictures. Facts…) | JustBirding.com
image: http://justbirding.com/wp-content/uploads/2019/02/Indian-paradise-flycatcher-Terpsiphone-paradisi.jpg
thumbnail: https://tse1.mm.bing.net/th?id=OIP.QKggPaJASJjbAQuObdU01wHaKX&pid=Api
url: https://justbirding.com/cool-birds/
height: 1680
width: 1200
source: Bing
Downloaded image to duckduckgo_image_downloads/bird photo shade/bird photo shade_0.jpg
Downloading image 2 of 2

title: 25 Most Beautiful Bird Photography examples and Tips for photographers
image: https://webneel.com/daily/sites/default/files/images/daily/12-2015/colorful-bird-photography.jpg
thumbnail: https://tse4.mm.bing.net/th?id=OIP.b-tZreRBhXYiqGlZTDDYxgHaFj&pid=Api
url: https://webneel.com/25-most-beautiful-bird-photography-examples-and-tips-photographers
height: 540
width: 720
source: Bing
Downloaded image to duckduckgo_image_downloads/bird photo shade/bird photo shade_1.jpg
Images downloaded successfully to duckduckgo_images/bird photo shade
Downloading image 1 of 2

title: Flock Of Birds Flying At Dawn Time, HD Birds, 4k Wallpapers, Images, Backgrounds, Photos and ...
image: https://hdqwalls.com/wallpapers/flock-of-birds-flying-at-dawn-time-al.jpg
thumbnail: https://tse1.mm.bing.net/th?id=OIP.z1mxKGiJ9LpCMuqXYp00vAHaFq&pid=Api
url: https://hdqwalls.com/flock-of-birds-flying-at-dawn-time-wallpaper
height: 3255
width: 4254
source: Bing
Downloaded image to duckduckgo_image_downloads/bird photo dawn/bird photo dawn_0.jpg
Downloading image 2 of 2

title: Flock of Birds Flying Above the Mountain during Sunset · Free Stock Photo
image: https://images.pexels.com/photos/70577/sunset-birds-flying-sky-70577.jpeg?cs=srgb&dl=dawn-flying-hd-wallpaper-70577.jpg&fm=jpg
thumbnail: https://tse1.mm.bing.net/th?id=OIP.jDPZpzeoZ17bH2_5hfFejgHaE6&pid=Api
url: https://www.pexels.com/photo/flock-of-birds-flying-above-the-mountain-during-sunset-70577/
height: 3283
width: 4949
source: Bing
Downloaded image to duckduckgo_image_downloads/bird photo dawn/bird photo dawn_1.jpg&fm=jpg
Images downloaded successfully to duckduckgo_images/bird photo dawn
Downloading image 1 of 2

title: Beautiful Forest Wallpapers - Wallpaper Cave
image: https://wallpapercave.com/wp/GD9rMAh.jpg
thumbnail: https://tse3.mm.bing.net/th?id=OIP.I4UAeiyFl276i_QbDVpnVgHaFj&pid=Api
url: https://wallpapercave.com/beautiful-forest-wallpaper
height: 1200
width: 1600
source: Bing
Downloaded image to duckduckgo_image_downloads/forest photos/forest photos_0.jpg
Downloading image 2 of 2

title: Nature Forest 4k Ultra HD Wallpaper
image: https://images3.alphacoders.com/600/600155.jpg
thumbnail: https://tse4.mm.bing.net/th?id=OIP.nucg2Gm3JxCPauSelRdx_gHaE6&pid=Api
url: https://wall.alphacoders.com/big.php?i=600155
height: 2655
width: 4000
source: Bing
Downloaded image to duckduckgo_image_downloads/forest photos/forest photos_1.jpg
Images downloaded successfully to duckduckgo_images/forest photos
Downloading image 1 of 2

title: Sunny Forest Wallpapers - Top Free Sunny Forest Backgrounds - WallpaperAccess
image: https://wallpaperaccess.com/full/3801184.jpg
thumbnail: https://tse2.mm.bing.net/th?id=OIP.J-ziEdzk1LH_Y68WYINyHwHaEo&pid=Api
url: https://wallpaperaccess.com/sunny-forest
height: 1600
width: 2560
source: Bing
Downloaded image to duckduckgo_image_downloads/forest photos sunny/forest photos sunny_0.jpg
Downloading image 2 of 2

title: Sunny Forest HD desktop wallpaper : Widescreen : High Definition : Fullscreen
image: http://data.1freewallpapers.com/download/sunny-forest.jpg
thumbnail: https://tse2.mm.bing.net/th?id=OIP.LvJJOyXvp1Y14PVzqxyljQHaFj&pid=Api
url: http://www.1freewallpapers.com/sunny-forest
height: 1920
width: 2560
source: Bing
Downloaded image to duckduckgo_image_downloads/forest photos sunny/forest photos sunny_1.jpg
Images downloaded successfully to duckduckgo_images/forest photos sunny
Downloading image 1 of 2

title: Sunrise Shade of a Forest · Free Stock Photo
image: https://static.pexels.com/photos/165812/pexels-photo-165812.jpeg
thumbnail: https://tse3.mm.bing.net/th?id=OIP.hFBHav0CI6inXwqJOmiE2wHaLH&pid=Api
url: https://www.pexels.com/photo/sunrise-shade-of-a-forest-165812/
height: 3840
width: 2560
source: Bing
Downloaded image to duckduckgo_image_downloads/forest photos shade/forest photos shade_0.jpeg
Downloading image 2 of 2

title: Nature landscapes trees forests leaves sunlight fields shade autumn fall seasons wallpaper ...
image: http://www.wallpaperup.com/uploads/wallpapers/2012/12/18/25616/07a25d30855a3b6aa0649270a3b61dfa.jpg
thumbnail: https://tse4.mm.bing.net/th?id=OIP.XQNnorHnKR55FfjqyluwFwHaEo&pid=Api
url: http://www.wallpaperup.com/25616/nature_landscapes_trees_forests_leaves_sunlight_fields_shade_autumn_fall_seasons.html
height: 1200
width: 1920
source: Bing
