Downloading image 1 of 2

title: Beautiful Landscape with Mountains and Lakes with sky in Italy image - Free stock photo - Public ...
image: https://www.goodfreephotos.com/albums/italy/other-italy/beautiful-landscape-with-mountains-and-lakes-with-sky-in-italy.jpg
thumbnail: https://tse1.mm.bing.net/th?id=OIP._ajHHTmB2OCkdyQi51_qvgHaEn&pid=Api
url: https://www.goodfreephotos.com/italy/other-italy/beautiful-landscape-with-mountains-and-lakes-with-sky-in-italy.jpg.php
height: 2489
width: 3986
source: Bing
Downloaded image to duckduckgo_image_downloads/landscape photos/landscape photos_0.jpg
Downloading image 2 of 2

title: Landscape Wallpapers - Top Free Landscape Backgrounds - WallpaperAccess
image: https://wallpaperaccess.com/full/90977.jpg
thumbnail: https://tse2.mm.bing.net/th?id=OIP.NR9MV7uAIX9B1f16mQVe7wHaEG&pid=Api
url: https://wallpaperaccess.com/landscape
height: 3087
width: 5576
source: Bing
Downloaded image to duckduckgo_image_downloads/landscape photos/landscape photos_1.jpg
Images downloaded successfully to duckduckgo_images/landscape photos
Downloading image 1 of 2

title: Free Images : landscape, tree, water, nature, wilderness, cloud, hiking, meadow, lake, valley ...
image: https://get.pxhere.com/photo/landscape-tree-water-nature-wilderness-mountain-cloud-hiking-meadow-lake-valley-mountain-range-reflection-autumn-park-italy-alpine-fjord-national-park-mountains-alps-plateau-loch-dolomites-landform-tarn-mountainous-landforms-computer-wallpaper-1382394.jpg
thumbnail: https://tse4.mm.bing.net/th?id=OIP.ErAiMih0ltX9nxzgEbfN0gHaEp&pid=Api
url: https://pxhere.com/en/photo/1382394
height: 2108
width: 3360
source: Bing
